<?xml version="1.0" encoding="UTF-8"?>
<!-- Generated by org.testng.reporters.JUnitXMLReporter -->
<testsuite hostname="DESKTOP-JFIIDIB" name="Default test" tests="3" failures="0" timestamp="3 Aug 2020 12:47:54 GMT" time="0.293" errors="0">
  <testcase name="@BeforeTest before" time="0.0" classname="tests.TestLoginBank">
    <failure type="org.testng.TestNGException" message="
Parameter &amp;apos;DriverType&amp;apos; is required by @Configuration on method before but has not been marked @Optional or defined
in C:\Users\user\AppData\Local\Temp\testng-eclipse--1966261845\testng-customsuite.xml">
      <![CDATA[org.testng.TestNGException: 
Parameter 'DriverType' is required by @Configuration on method before but has not been marked @Optional or defined
in C:\Users\user\AppData\Local\Temp\testng-eclipse--1966261845\testng-customsuite.xml
	at org.testng.internal.Parameters.createParameters(Parameters.java:155)
	at org.testng.internal.Parameters.createParameters(Parameters.java:358)
	at org.testng.internal.Parameters.createConfigurationParameters(Parameters.java:86)
	at org.testng.internal.Invoker.invokeConfigurations(Invoker.java:199)
	at org.testng.internal.Invoker.invokeConfigurations(Invoker.java:138)
	at org.testng.TestRunner.beforeRun(TestRunner.java:641)
	at org.testng.TestRunner.run(TestRunner.java:609)
	at org.testng.SuiteRunner.runTest(SuiteRunner.java:348)
	at org.testng.SuiteRunner.runSequentially(SuiteRunner.java:343)
	at org.testng.SuiteRunner.privateRun(SuiteRunner.java:305)
	at org.testng.SuiteRunner.run(SuiteRunner.java:254)
	at org.testng.SuiteRunnerWorker.runSuite(SuiteRunnerWorker.java:52)
	at org.testng.SuiteRunnerWorker.run(SuiteRunnerWorker.java:86)
	at org.testng.TestNG.runSuitesSequentially(TestNG.java:1224)
	at org.testng.TestNG.runSuitesLocally(TestNG.java:1149)
	at org.testng.TestNG.run(TestNG.java:1057)
	at org.testng.remote.AbstractRemoteTestNG.run(AbstractRemoteTestNG.java:115)
	at org.testng.remote.RemoteTestNG.initAndRun(RemoteTestNG.java:251)
	at org.testng.remote.RemoteTestNG.main(RemoteTestNG.java:77)
]]>
    </failure>
  </testcase> <!-- @BeforeTest before -->
  <testcase name="@BeforeClass init" time="0.0" classname="tests.TestLoginBank">
    <skipped/>
  </testcase> <!-- @BeforeClass init -->
  <testcase name="@AfterTest after" time="0.0" classname="tests.TestLoginBank">
    <skipped/>
  </testcase> <!-- @AfterTest after -->
  <testcase name="verifyAcessEmpty" time="0.017" classname="tests.TestLoginBank">
    <skipped/>
  </testcase> <!-- verifyAcessEmpty -->
  <testcase name="verifyAcessInvalid" time="0.006" classname="tests.TestLoginBank">
    <skipped/>
  </testcase> <!-- verifyAcessInvalid -->
  <testcase name="verifyAcessSuccessfully" time="0.004" classname="tests.TestLoginBank">
    <skipped/>
  </testcase> <!-- verifyAcessSuccessfully -->
</testsuite> <!-- Default test -->
