<?xml version="1.0" encoding="UTF-8"?>
<!-- Generated by org.testng.reporters.JUnitXMLReporter -->
<testsuite hostname="DESKTOP-JFIIDIB" name="Test SavingsAdd" tests="6" failures="2" timestamp="24 Aug 2020 03:15:42 GMT" time="191.459" errors="0">
  <testcase name="@AfterTest after" time="0.0" classname="tests.TestLoginBank">
    <failure type="java.lang.NullPointerException">
      <![CDATA[java.lang.NullPointerException
	at managers.BaseTestFactory.RemoveWebDriver(BaseTestFactory.java:70)
	at managers.BaseTestFactory.after(BaseTestFactory.java:64)
... Removed 22 stack frames]]>
    </failure>
  </testcase> <!-- @AfterTest after -->
  <testcase name="login" time="18.436" classname="tests.TestLoginBank"/>
  <testcase name="login" time="142.709" classname="tests.TestLoginBank"/>
  <testcase name="login" time="14.649" classname="tests.TestLoginBank"/>
  <testcase name="accountTypeSavingsOver1" time="0.014" classname="tests.TestLoginBank">
    <failure type="java.lang.NullPointerException">
      <![CDATA[java.lang.NullPointerException
	at java.util.Objects.requireNonNull(Unknown Source)
	at org.openqa.selenium.support.ui.FluentWait.<init>(FluentWait.java:115)
	at org.openqa.selenium.support.ui.WebDriverWait.<init>(WebDriverWait.java:102)
	at org.openqa.selenium.support.ui.WebDriverWait.<init>(WebDriverWait.java:45)
	at managers.BasePage.<init>(BasePage.java:19)
	at page_objects.SavingAddPage.<init>(SavingAddPage.java:13)
	at tests.TestLoginBank.accountTypeSavingsOver1(TestLoginBank.java:26)
	at java.util.concurrent.ThreadPoolExecutor.runWorker(Unknown Source)
	at java.util.concurrent.ThreadPoolExecutor$Worker.run(Unknown Source)
	at java.lang.Thread.run(Unknown Source)
... Removed 10 stack frames]]>
    </failure>
  </testcase> <!-- accountTypeSavingsOver1 -->
  <testcase name="accountTypeSavingsOver2" time="0.02" classname="tests.TestLoginBank">
    <failure type="java.lang.NullPointerException">
      <![CDATA[java.lang.NullPointerException
	at java.util.Objects.requireNonNull(Unknown Source)
	at org.openqa.selenium.support.ui.FluentWait.<init>(FluentWait.java:115)
	at org.openqa.selenium.support.ui.WebDriverWait.<init>(WebDriverWait.java:102)
	at org.openqa.selenium.support.ui.WebDriverWait.<init>(WebDriverWait.java:45)
	at managers.BasePage.<init>(BasePage.java:19)
	at page_objects.SavingAddPage.<init>(SavingAddPage.java:13)
	at tests.TestLoginBank.accountTypeSavingsOver2(TestLoginBank.java:35)
	at java.util.concurrent.ThreadPoolExecutor.runWorker(Unknown Source)
	at java.util.concurrent.ThreadPoolExecutor$Worker.run(Unknown Source)
	at java.lang.Thread.run(Unknown Source)
... Removed 10 stack frames]]>
    </failure>
  </testcase> <!-- accountTypeSavingsOver2 -->
  <testcase name="accountTypeSavingsOver3" time="15.416" classname="tests.TestLoginBank"/>
</testsuite> <!-- Test SavingsAdd -->
